0 info it worked if it ends with ok
1 verbose cli [ '/usr/bin/node',
1 verbose cli   '/usr/bin/npm',
1 verbose cli   'install',
1 verbose cli   'jasmine-node',
1 verbose cli   '-g' ]
2 info using npm@1.4.28
3 info using node@v0.10.33
4 verbose node symlink /usr/bin/node
5 verbose cache add [ 'jasmine-node', null ]
6 verbose cache add name=undefined spec="jasmine-node" args=["jasmine-node",null]
7 verbose parsed url { protocol: null,
7 verbose parsed url   slashes: null,
7 verbose parsed url   auth: null,
7 verbose parsed url   host: null,
7 verbose parsed url   port: null,
7 verbose parsed url   hostname: null,
7 verbose parsed url   hash: null,
7 verbose parsed url   search: null,
7 verbose parsed url   query: null,
7 verbose parsed url   pathname: 'jasmine-node',
7 verbose parsed url   path: 'jasmine-node',
7 verbose parsed url   href: 'jasmine-node' }
8 silly lockFile bba04ce4-jasmine-node jasmine-node
9 verbose lock jasmine-node /home/mds/.npm/bba04ce4-jasmine-node.lock
10 silly lockFile bba04ce4-jasmine-node jasmine-node
11 silly lockFile bba04ce4-jasmine-node jasmine-node
12 verbose addNamed [ 'jasmine-node', '' ]
13 verbose addNamed [ null, '*' ]
14 silly lockFile b74de4f8-jasmine-node jasmine-node@
15 verbose lock jasmine-node@ /home/mds/.npm/b74de4f8-jasmine-node.lock
16 silly addNameRange { name: 'jasmine-node', range: '*', hasData: false }
17 verbose request where is /jasmine-node
18 verbose request registry http://registry.npmjs.org/
19 verbose request id ae42610d468a7c82
20 verbose url raw /jasmine-node
21 verbose url resolving [ 'http://registry.npmjs.org/', './jasmine-node' ]
22 verbose url resolved http://registry.npmjs.org/jasmine-node
23 verbose request where is http://registry.npmjs.org/jasmine-node
24 info trying registry request attempt 1 at 22:12:03
25 verbose etag "1S1L50NS7OMS8DK17E8YGK1E"
26 http GET http://registry.npmjs.org/jasmine-node
27 http 200 http://registry.npmjs.org/jasmine-node
28 silly registry.get cb [ 200,
28 silly registry.get   { server: 'CouchDB/1.5.0 (Erlang OTP/R16B03)',
28 silly registry.get     etag: '"3CC0TV9F6EFBHLPOEMBOI1STY"',
28 silly registry.get     'content-type': 'application/json',
28 silly registry.get     'cache-control': 'max-age=60',
28 silly registry.get     'content-length': '94984',
28 silly registry.get     'accept-ranges': 'bytes',
28 silly registry.get     date: 'Thu, 16 Apr 2015 05:12:08 GMT',
28 silly registry.get     via: '1.1 varnish',
28 silly registry.get     age: '0',
28 silly registry.get     connection: 'keep-alive',
28 silly registry.get     'x-served-by': 'cache-sjc3127-SJC',
28 silly registry.get     'x-cache': 'HIT',
28 silly registry.get     'x-cache-hits': '1',
28 silly registry.get     'x-timer': 'S1429161128.064911,VS0,VE89',
28 silly registry.get     vary: 'Accept' } ]
29 silly addNameRange number 2 { name: 'jasmine-node', range: '*', hasData: true }
30 silly addNameRange versions [ 'jasmine-node',
30 silly addNameRange   [ '1.0.1',
30 silly addNameRange     '1.0.2',
30 silly addNameRange     '1.0.3',
30 silly addNameRange     '1.0.4',
30 silly addNameRange     '1.0.5',
30 silly addNameRange     '1.0.6',
30 silly addNameRange     '1.0.7',
30 silly addNameRange     '1.0.8',
30 silly addNameRange     '1.0.9',
30 silly addNameRange     '1.0.10',
30 silly addNameRange     '1.0.11',
30 silly addNameRange     '1.0.12',
30 silly addNameRange     '1.0.13',
30 silly addNameRange     '1.0.15',
30 silly addNameRange     '1.0.16',
30 silly addNameRange     '1.0.17',
30 silly addNameRange     '1.0.18',
30 silly addNameRange     '1.0.19',
30 silly addNameRange     '1.0.20',
30 silly addNameRange     '1.0.21',
30 silly addNameRange     '1.0.22',
30 silly addNameRange     '1.0.23',
30 silly addNameRange     '1.0.24',
30 silly addNameRange     '1.0.25',
30 silly addNameRange     '1.0.26',
30 silly addNameRange     '1.0.27',
30 silly addNameRange     '1.0.28',
30 silly addNameRange     '1.1.0',
30 silly addNameRange     '1.2.0',
30 silly addNameRange     '1.2.1',
30 silly addNameRange     '1.2.2',
30 silly addNameRange     '1.2.3',
30 silly addNameRange     '1.3.0',
30 silly addNameRange     '1.3.1',
30 silly addNameRange     '1.4.0',
30 silly addNameRange     '1.5.0',
30 silly addNameRange     '1.6.0',
30 silly addNameRange     '1.7.0',
30 silly addNameRange     '1.7.1',
30 silly addNameRange     '1.8.0',
30 silly addNameRange     '1.8.1',
30 silly addNameRange     '1.9.0',
30 silly addNameRange     '1.9.1',
30 silly addNameRange     '1.10.0',
30 silly addNameRange     '1.10.1',
30 silly addNameRange     '1.10.2',
30 silly addNameRange     '1.11.0',
30 silly addNameRange     '1.12.0',
30 silly addNameRange     '1.12.1',
30 silly addNameRange     '1.13.0',
30 silly addNameRange     '1.13.1',
30 silly addNameRange     '1.14.0',
30 silly addNameRange     '1.14.1',
30 silly addNameRange     '2.0.0',
30 silly addNameRange     '1.14.2',
30 silly addNameRange     '2.0.0-beta1',
30 silly addNameRange     '2.0.0-beta2',
30 silly addNameRange     '2.0.0-beta3',
30 silly addNameRange     '1.14.3',
30 silly addNameRange     '2.0.0-beta4',
30 silly addNameRange     '1.14.4',
30 silly addNameRange     '1.14.5',
30 silly addNameRange     '1.0.0-rc1',
30 silly addNameRange     '1.0.0-rc2',
30 silly addNameRange     '1.0.0-rc3' ] ]
31 verbose addNamed [ 'jasmine-node', '1.14.5' ]
32 verbose addNamed [ '1.14.5', '1.14.5' ]
33 silly lockFile 3c9ba918-jasmine-node-1-14-5 jasmine-node@1.14.5
34 verbose lock jasmine-node@1.14.5 /home/mds/.npm/3c9ba918-jasmine-node-1-14-5.lock
35 silly lockFile d7653012-ine-node-jasmine-node-1-14-5-tgz http://registry.npmjs.org/jasmine-node/-/jasmine-node-1.14.5.tgz
36 verbose lock http://registry.npmjs.org/jasmine-node/-/jasmine-node-1.14.5.tgz /home/mds/.npm/d7653012-ine-node-jasmine-node-1-14-5-tgz.lock
37 verbose addRemoteTarball [ 'http://registry.npmjs.org/jasmine-node/-/jasmine-node-1.14.5.tgz',
37 verbose addRemoteTarball   '18e8397b856924ee77003666c3731b5aea50c39d' ]
38 info retry fetch attempt 1 at 22:12:03
39 verbose fetch to= /tmp/npm-5448-ml6EBDkw/registry.npmjs.org/jasmine-node/-/jasmine-node-1.14.5.tgz
40 http GET http://registry.npmjs.org/jasmine-node/-/jasmine-node-1.14.5.tgz
41 http 200 http://registry.npmjs.org/jasmine-node/-/jasmine-node-1.14.5.tgz
42 silly lockFile d7653012-ine-node-jasmine-node-1-14-5-tgz http://registry.npmjs.org/jasmine-node/-/jasmine-node-1.14.5.tgz
43 silly lockFile d7653012-ine-node-jasmine-node-1-14-5-tgz http://registry.npmjs.org/jasmine-node/-/jasmine-node-1.14.5.tgz
44 silly lockFile 3c9ba918-jasmine-node-1-14-5 jasmine-node@1.14.5
45 silly lockFile 3c9ba918-jasmine-node-1-14-5 jasmine-node@1.14.5
46 silly lockFile b74de4f8-jasmine-node jasmine-node@
47 silly lockFile b74de4f8-jasmine-node jasmine-node@
48 error Error: EACCES, mkdir '/home/mds/.npm/jasmine-node/1.14.5'
48 error  { [Error: EACCES, mkdir '/home/mds/.npm/jasmine-node/1.14.5']
48 error   errno: 3,
48 error   code: 'EACCES',
48 error   path: '/home/mds/.npm/jasmine-node/1.14.5' }
49 error Please try running this command again as root/Administrator.
50 error System Linux 3.13.0-43-generic
51 error command "/usr/bin/node" "/usr/bin/npm" "install" "jasmine-node" "-g"
52 error cwd /home/mds/more/gym-bud/server
53 error node -v v0.10.33
54 error npm -v 1.4.28
55 error path /home/mds/.npm/jasmine-node/1.14.5
56 error code EACCES
57 error errno 3
58 error stack Error: EACCES, mkdir '/home/mds/.npm/jasmine-node/1.14.5'
59 verbose exit [ 3, true ]
